SF:lib/src/domain/entities/todo_item_entity.dart
DA:10,1
LF:1
LH:1
end_of_record
SF:lib/src/domain/use_case/home_usecase/home_usercase.dart
DA:6,0
DA:9,0
DA:10,0
DA:12,0
DA:13,0
DA:15,0
DA:16,0
LF:7
LH:0
end_of_record
SF:lib/src/presentation/blocs/home_bloc/home_cubit.dart
DA:7,3
DA:13,1
DA:14,1
DA:15,3
DA:17,0
DA:19,3
DA:21,0
DA:22,0
DA:23,0
DA:25,0
DA:27,0
DA:31,0
DA:32,0
DA:33,0
DA:34,0
DA:36,0
DA:38,0
DA:41,1
DA:42,2
LF:19
LH:7
end_of_record
SF:lib/src/presentation/blocs/home_bloc/home_state.dart
DA:8,1
DA:11,1
DA:17,0
DA:21,2
LF:4
LH:3
end_of_record
